   0  $accept : E $end

   1  E : E '+' E
   2    | E '*' E
   3    | NUM

state 0
	$accept : . E $end  (0)

	NUM  shift 1
	.  error

	E  goto 2


state 1
	E : NUM .  (3)

	.  reduce 3


state 2
	$accept : E . $end  (0)
	E : E . '+' E  (1)
	E : E . '*' E  (2)

	$end  accept
	'+'  shift 3
	'*'  shift 4
	.  error


state 3
	E : E '+' . E  (1)

	NUM  shift 1
	.  error

	E  goto 5


state 4
	E : E '*' . E  (2)

	NUM  shift 1
	.  error

	E  goto 6


state 5
	E : E . '+' E  (1)
	E : E '+' E .  (1)
	E : E . '*' E  (2)

	'*'  shift 4
	$end  reduce 1
	'+'  reduce 1


state 6
	E : E . '+' E  (1)
	E : E . '*' E  (2)
	E : E '*' E .  (2)

	.  reduce 2


5 terminals, 2 nonterminals
4 grammar rules, 7 states
