Grammar

    0 $accept: E $end

    1 E: E '+' E
    2  | E '*' E
    3  | NUM


Terminals, with rules where they appear

    $end (0) 0
    '*' (42) 2
    '+' (43) 1
    error (256)
    NUM (258) 3


Nonterminals, with rules where they appear

    $accept (6)
        on left: 0
    E (7)
        on left: 1 2 3
        on right: 0 1 2


State 0

    0 $accept: • E $end

    NUM  shift, and go to state 1

    E  go to state 2


State 1

    3 E: NUM •

    $default  reduce using rule 3 (E)


State 2

    0 $accept: E • $end
    1 E: E • '+' E
    2  | E • '*' E

    $end  shift, and go to state 3
    '+'   shift, and go to state 4
    '*'   shift, and go to state 5


State 3

    0 $accept: E $end •

    $default  accept


State 4

    1 E: E '+' • E

    NUM  shift, and go to state 1

    E  go to state 6


State 5

    2 E: E '*' • E

    NUM  shift, and go to state 1

    E  go to state 7


State 6

    1 E: E • '+' E
    1  | E '+' E •
    2  | E • '*' E

    '*'  shift, and go to state 5

    $default  reduce using rule 1 (E)


State 7

    1 E: E • '+' E
    2  | E • '*' E
    2  | E '*' E •

    $default  reduce using rule 2 (E)
